This is pdfTeX, Version 3.14159265-2.6-1.40.18 (TeX Live 2017/TeX Live for SUSE Linux) (preloaded format=pdflatex 2018.12.8)  30 JAN 2019 10:36
entering extended mode
 restricted \write18 enabled.
 %&-line parsing enabled.
**main.tex
(./main.tex
LaTeX2e <2017-04-15>
Babel <3.10> and hyphenation patterns for 50 language(s) loaded.
(/usr/share/texmf/tex/latex/beamer/beamer.cls
Document Class: beamer 2017/01/23 v3.41 A class for typesetting presentations
(/usr/share/texmf/tex/latex/etoolbox/etoolbox.sty
Package: etoolbox 2017/01/02 v2.4 e-TeX tools for LaTeX (JAW)
\etb@tempcnta=\count79
)
(/usr/share/texmf/tex/latex/beamer/beamerbasemodes.sty
\beamer@tempbox=\box26
\beamer@tempcount=\count80
\c@beamerpauses=\count81

(/usr/share/texmf/tex/latex/beamer/beamerbasedecode.sty
\beamer@slideinframe=\count82
\beamer@minimum=\count83
)
\beamer@commentbox=\box27
\beamer@modecount=\count84
)
(/usr/share/texmf/tex/generic/oberdiek/ifpdf.sty
Package: ifpdf 2017/03/15 v3.2 Provides the ifpdf switch
)
\headheight=\dimen102
\headdp=\dimen103
\footheight=\dimen104
\sidebarheight=\dimen105
\beamer@tempdim=\dimen106
\beamer@finalheight=\dimen107
\beamer@animht=\dimen108
\beamer@animdp=\dimen109
\beamer@animwd=\dimen110
\beamer@leftmargin=\dimen111
\beamer@rightmargin=\dimen112
\beamer@leftsidebar=\dimen113
\beamer@rightsidebar=\dimen114
\beamer@boxsize=\dimen115
\beamer@vboxoffset=\dimen116
\beamer@descdefault=\dimen117
\beamer@descriptionwidth=\dimen118
\beamer@lastskip=\skip41
\beamer@areabox=\box28
\beamer@animcurrent=\box29
\beamer@animshowbox=\box30
\beamer@sectionbox=\box31
\beamer@logobox=\box32
\beamer@linebox=\box33
\beamer@sectioncount=\count85
\beamer@subsubsectionmax=\count86
\beamer@subsectionmax=\count87
\beamer@sectionmax=\count88
\beamer@totalheads=\count89
\beamer@headcounter=\count90
\beamer@partstartpage=\count91
\beamer@sectionstartpage=\count92
\beamer@subsectionstartpage=\count93
\beamer@animationtempa=\count94
\beamer@animationtempb=\count95
\beamer@xpos=\count96
\beamer@ypos=\count97
\beamer@showpartnumber=\count98
\beamer@currentsubsection=\count99
\beamer@coveringdepth=\count100
\beamer@sectionadjust=\count101
\beamer@tocsectionnumber=\count102

(/usr/share/texmf/tex/latex/beamer/beamerbaseoptions.sty
(/usr/share/texmf/tex/latex/graphics/keyval.sty
Package: keyval 2014/10/28 v1.15 key=value parser (DPC)
\KV@toks@=\toks14
))
\beamer@paperwidth=\skip42
\beamer@paperheight=\skip43

(/usr/share/texmf/tex/latex/geometry/geometry.sty
Package: geometry 2010/09/12 v5.6 Page Geometry

(/usr/share/texmf/tex/generic/oberdiek/ifvtex.sty
Package: ifvtex 2016/05/16 v1.6 Detect VTeX and its facilities (HO)
Package ifvtex Info: VTeX not detected.
)
(/usr/share/texmf/tex/generic/ifxetex/ifxetex.sty
Package: ifxetex 2010/09/12 v0.6 Provides ifxetex conditional
)
\Gm@cnth=\count103
\Gm@cntv=\count104
\c@Gm@tempcnt=\count105
\Gm@bindingoffset=\dimen119
\Gm@wd@mp=\dimen120
\Gm@odd@mp=\dimen121
\Gm@even@mp=\dimen122
\Gm@layoutwidth=\dimen123
\Gm@layoutheight=\dimen124
\Gm@layouthoffset=\dimen125
\Gm@layoutvoffset=\dimen126
\Gm@dimlist=\toks15
)
(/usr/share/texmf/tex/latex/base/size11.clo
File: size11.clo 2014/09/29 v1.4h Standard LaTeX file (size option)
)
(/usr/share/texmf/tex/latex/pgf/basiclayer/pgfcore.sty
(/usr/share/texmf/tex/latex/graphics/graphicx.sty
Package: graphicx 2014/10/28 v1.0g Enhanced LaTeX Graphics (DPC,SPQR)

(/usr/share/texmf/tex/latex/graphics/graphics.sty
Package: graphics 2017/04/14 v1.1b Standard LaTeX Graphics (DPC,SPQR)

(/usr/share/texmf/tex/latex/graphics/trig.sty
Package: trig 2016/01/03 v1.10 sin cos tan (DPC)
)
(/usr/share/texmf/tex/latex/graphics-cfg/graphics.cfg
File: graphics.cfg 2016/06/04 v1.11 sample graphics configuration
)
Package graphics Info: Driver file: pdftex.def on input line 99.

(/usr/share/texmf/tex/latex/graphics-def/pdftex.def
File: pdftex.def 2017/01/12 v0.06k Graphics/color for pdfTeX

(/usr/share/texmf/tex/generic/oberdiek/infwarerr.sty
Package: infwarerr 2016/05/16 v1.4 Providing info/warning/error messages (HO)
)
(/usr/share/texmf/tex/generic/oberdiek/ltxcmds.sty
Package: ltxcmds 2016/05/16 v1.23 LaTeX kernel commands for general use (HO)
)
\Gread@gobject=\count106
))
\Gin@req@height=\dimen127
\Gin@req@width=\dimen128
)
(/usr/share/texmf/tex/latex/pgf/systemlayer/pgfsys.sty
(/usr/share/texmf/tex/latex/pgf/utilities/pgfrcs.sty
(/usr/share/texmf/tex/generic/pgf/utilities/pgfutil-common.tex
\pgfutil@everybye=\toks16
\pgfutil@tempdima=\dimen129
\pgfutil@tempdimb=\dimen130

(/usr/share/texmf/tex/generic/pgf/utilities/pgfutil-common-lists.tex))
(/usr/share/texmf/tex/generic/pgf/utilities/pgfutil-latex.def
\pgfutil@abb=\box34

(/usr/share/texmf/tex/latex/ms/everyshi.sty
Package: everyshi 2001/05/15 v3.00 EveryShipout Package (MS)
))
(/usr/share/texmf/tex/generic/pgf/utilities/pgfrcs.code.tex
Package: pgfrcs 2015/08/07 v3.0.1a (rcs-revision 1.31)
))
(/usr/share/texmf/tex/generic/pgf/systemlayer/pgfsys.code.tex
Package: pgfsys 2014/07/09 v3.0.1a (rcs-revision 1.48)

(/usr/share/texmf/tex/generic/pgf/utilities/pgfkeys.code.tex
\pgfkeys@pathtoks=\toks17
\pgfkeys@temptoks=\toks18

(/usr/share/texmf/tex/generic/pgf/utilities/pgfkeysfiltered.code.tex
\pgfkeys@tmptoks=\toks19
))
\pgf@x=\dimen131
\pgf@y=\dimen132
\pgf@xa=\dimen133
\pgf@ya=\dimen134
\pgf@xb=\dimen135
\pgf@yb=\dimen136
\pgf@xc=\dimen137
\pgf@yc=\dimen138
\w@pgf@writea=\write3
\r@pgf@reada=\read1
\c@pgf@counta=\count107
\c@pgf@countb=\count108
\c@pgf@countc=\count109
\c@pgf@countd=\count110
\t@pgf@toka=\toks20
\t@pgf@tokb=\toks21
\t@pgf@tokc=\toks22

(/usr/share/texmf/tex/generic/pgf/systemlayer/pgf.cfg
File: pgf.cfg 2008/05/14  (rcs-revision 1.7)
)
Driver file for pgf: pgfsys-pdftex.def

(/usr/share/texmf/tex/generic/pgf/systemlayer/pgfsys-pdftex.def
File: pgfsys-pdftex.def 2014/10/11  (rcs-revision 1.35)

(/usr/share/texmf/tex/generic/pgf/systemlayer/pgfsys-common-pdf.def
File: pgfsys-common-pdf.def 2013/10/10  (rcs-revision 1.13)
)))
(/usr/share/texmf/tex/generic/pgf/systemlayer/pgfsyssoftpath.code.tex
File: pgfsyssoftpath.code.tex 2013/09/09  (rcs-revision 1.9)
\pgfsyssoftpath@smallbuffer@items=\count111
\pgfsyssoftpath@bigbuffer@items=\count112
)
(/usr/share/texmf/tex/generic/pgf/systemlayer/pgfsysprotocol.code.tex
File: pgfsysprotocol.code.tex 2006/10/16  (rcs-revision 1.4)
))
(/usr/share/texmf/tex/latex/xcolor/xcolor.sty
Package: xcolor 2016/05/11 v2.12 LaTeX color extensions (UK)

(/usr/share/texmf/tex/latex/graphics-cfg/color.cfg
File: color.cfg 2016/01/02 v1.6 sample color configuration
)
Package xcolor Info: Driver file: pdftex.def on input line 225.
Package xcolor Info: Model `cmy' substituted by `cmy0' on input line 1348.
Package xcolor Info: Model `hsb' substituted by `rgb' on input line 1352.
Package xcolor Info: Model `RGB' extended on input line 1364.
Package xcolor Info: Model `HTML' substituted by `rgb' on input line 1366.
Package xcolor Info: Model `Hsb' substituted by `hsb' on input line 1367.
Package xcolor Info: Model `tHsb' substituted by `hsb' on input line 1368.
Package xcolor Info: Model `HSB' substituted by `hsb' on input line 1369.
Package xcolor Info: Model `Gray' substituted by `gray' on input line 1370.
Package xcolor Info: Model `wave' substituted by `hsb' on input line 1371.
)
(/usr/share/texmf/tex/generic/pgf/basiclayer/pgfcore.code.tex
Package: pgfcore 2010/04/11 v3.0.1a (rcs-revision 1.7)

(/usr/share/texmf/tex/generic/pgf/math/pgfmath.code.tex
(/usr/share/texmf/tex/generic/pgf/math/pgfmathcalc.code.tex
(/usr/share/texmf/tex/generic/pgf/math/pgfmathutil.code.tex)
(/usr/share/texmf/tex/generic/pgf/math/pgfmathparser.code.tex
\pgfmath@dimen=\dimen139
\pgfmath@count=\count113
\pgfmath@box=\box35
\pgfmath@toks=\toks23
\pgfmath@stack@operand=\toks24
\pgfmath@stack@operation=\toks25
)
(/usr/share/texmf/tex/generic/pgf/math/pgfmathfunctions.code.tex
(/usr/share/texmf/tex/generic/pgf/math/pgfmathfunctions.basic.code.tex)
(/usr/share/texmf/tex/generic/pgf/math/pgfmathfunctions.trigonometric.code.tex)
(/usr/share/texmf/tex/generic/pgf/math/pgfmathfunctions.random.code.tex)
(/usr/share/texmf/tex/generic/pgf/math/pgfmathfunctions.comparison.code.tex)
(/usr/share/texmf/tex/generic/pgf/math/pgfmathfunctions.base.code.tex)
(/usr/share/texmf/tex/generic/pgf/math/pgfmathfunctions.round.code.tex)
(/usr/share/texmf/tex/generic/pgf/math/pgfmathfunctions.misc.code.tex)
(/usr/share/texmf/tex/generic/pgf/math/pgfmathfunctions.integerarithmetics.code
.tex))) (/usr/share/texmf/tex/generic/pgf/math/pgfmathfloat.code.tex
\c@pgfmathroundto@lastzeros=\count114
))
(/usr/share/texmf/tex/generic/pgf/basiclayer/pgfcorepoints.code.tex
File: pgfcorepoints.code.tex 2013/10/07  (rcs-revision 1.27)
\pgf@picminx=\dimen140
\pgf@picmaxx=\dimen141
\pgf@picminy=\dimen142
\pgf@picmaxy=\dimen143
\pgf@pathminx=\dimen144
\pgf@pathmaxx=\dimen145
\pgf@pathminy=\dimen146
\pgf@pathmaxy=\dimen147
\pgf@xx=\dimen148
\pgf@xy=\dimen149
\pgf@yx=\dimen150
\pgf@yy=\dimen151
\pgf@zx=\dimen152
\pgf@zy=\dimen153
)
(/usr/share/texmf/tex/generic/pgf/basiclayer/pgfcorepathconstruct.code.tex
File: pgfcorepathconstruct.code.tex 2013/10/07  (rcs-revision 1.29)
\pgf@path@lastx=\dimen154
\pgf@path@lasty=\dimen155
)
(/usr/share/texmf/tex/generic/pgf/basiclayer/pgfcorepathusage.code.tex
File: pgfcorepathusage.code.tex 2014/11/02  (rcs-revision 1.24)
\pgf@shorten@end@additional=\dimen156
\pgf@shorten@start@additional=\dimen157
)
(/usr/share/texmf/tex/generic/pgf/basiclayer/pgfcorescopes.code.tex
File: pgfcorescopes.code.tex 2015/05/08  (rcs-revision 1.46)
\pgfpic=\box36
\pgf@hbox=\box37
\pgf@layerbox@main=\box38
\pgf@picture@serial@count=\count115
)
(/usr/share/texmf/tex/generic/pgf/basiclayer/pgfcoregraphicstate.code.tex
File: pgfcoregraphicstate.code.tex 2014/11/02  (rcs-revision 1.12)
\pgflinewidth=\dimen158
)
(/usr/share/texmf/tex/generic/pgf/basiclayer/pgfcoretransformations.code.tex
File: pgfcoretransformations.code.tex 2015/08/07  (rcs-revision 1.20)
\pgf@pt@x=\dimen159
\pgf@pt@y=\dimen160
\pgf@pt@temp=\dimen161
)
(/usr/share/texmf/tex/generic/pgf/basiclayer/pgfcorequick.code.tex
File: pgfcorequick.code.tex 2008/10/09  (rcs-revision 1.3)
)
(/usr/share/texmf/tex/generic/pgf/basiclayer/pgfcoreobjects.code.tex
File: pgfcoreobjects.code.tex 2006/10/11  (rcs-revision 1.2)
)
(/usr/share/texmf/tex/generic/pgf/basiclayer/pgfcorepathprocessing.code.tex
File: pgfcorepathprocessing.code.tex 2013/09/09  (rcs-revision 1.9)
)
(/usr/share/texmf/tex/generic/pgf/basiclayer/pgfcorearrows.code.tex
File: pgfcorearrows.code.tex 2015/05/14  (rcs-revision 1.43)
\pgfarrowsep=\dimen162
)
(/usr/share/texmf/tex/generic/pgf/basiclayer/pgfcoreshade.code.tex
File: pgfcoreshade.code.tex 2013/07/15  (rcs-revision 1.15)
\pgf@max=\dimen163
\pgf@sys@shading@range@num=\count116
)
(/usr/share/texmf/tex/generic/pgf/basiclayer/pgfcoreimage.code.tex
File: pgfcoreimage.code.tex 2013/07/15  (rcs-revision 1.18)

(/usr/share/texmf/tex/generic/pgf/basiclayer/pgfcoreexternal.code.tex
File: pgfcoreexternal.code.tex 2014/07/09  (rcs-revision 1.21)
\pgfexternal@startupbox=\box39
))
(/usr/share/texmf/tex/generic/pgf/basiclayer/pgfcorelayers.code.tex
File: pgfcorelayers.code.tex 2013/07/18  (rcs-revision 1.7)
)
(/usr/share/texmf/tex/generic/pgf/basiclayer/pgfcoretransparency.code.tex
File: pgfcoretransparency.code.tex 2013/09/30  (rcs-revision 1.5)
)
(/usr/share/texmf/tex/generic/pgf/basiclayer/pgfcorepatterns.code.tex
File: pgfcorepatterns.code.tex 2013/11/07  (rcs-revision 1.5)
)))
(/usr/share/texmf/tex/latex/pgf/utilities/xxcolor.sty
Package: xxcolor 2003/10/24 ver 0.1
\XC@nummixins=\count117
\XC@countmixins=\count118
)
(/usr/share/texmf/tex/generic/oberdiek/atbegshi.sty
Package: atbegshi 2016/06/09 v1.18 At begin shipout hook (HO)
)
(/usr/share/texmf/tex/latex/hyperref/hyperref.sty
Package: hyperref 2017/03/14 v6.85a Hypertext links for LaTeX

(/usr/share/texmf/tex/generic/oberdiek/hobsub-hyperref.sty
Package: hobsub-hyperref 2016/05/16 v1.14 Bundle oberdiek, subset hyperref (HO)


(/usr/share/texmf/tex/generic/oberdiek/hobsub-generic.sty
Package: hobsub-generic 2016/05/16 v1.14 Bundle oberdiek, subset generic (HO)
Package: hobsub 2016/05/16 v1.14 Construct package bundles (HO)
Package hobsub Info: Skipping package `infwarerr' (already loaded).
Package hobsub Info: Skipping package `ltxcmds' (already loaded).
Package: ifluatex 2016/05/16 v1.4 Provides the ifluatex switch (HO)
Package ifluatex Info: LuaTeX not detected.
Package hobsub Info: Skipping package `ifvtex' (already loaded).
Package: intcalc 2016/05/16 v1.2 Expandable calculations with integers (HO)
Package hobsub Info: Skipping package `ifpdf' (already loaded).
Package: etexcmds 2016/05/16 v1.6 Avoid name clashes with e-TeX commands (HO)
Package etexcmds Info: Could not find \expanded.
(etexcmds)             That can mean that you are not using pdfTeX 1.50 or
(etexcmds)             that some package has redefined \expanded.
(etexcmds)             In the latter case, load this package earlier.
Package: kvsetkeys 2016/05/16 v1.17 Key value parser (HO)
Package: kvdefinekeys 2016/05/16 v1.4 Define keys (HO)
Package: pdftexcmds 2017/03/19 v0.25 Utility functions of pdfTeX for LuaTeX (HO
)
Package pdftexcmds Info: LuaTeX not detected.
Package pdftexcmds Info: \pdf@primitive is available.
Package pdftexcmds Info: \pdf@ifprimitive is available.
Package pdftexcmds Info: \pdfdraftmode found.
Package: pdfescape 2016/05/16 v1.14 Implements pdfTeX's escape features (HO)
Package: bigintcalc 2016/05/16 v1.4 Expandable calculations on big integers (HO
)
Package: bitset 2016/05/16 v1.2 Handle bit-vector datatype (HO)
Package: uniquecounter 2016/05/16 v1.3 Provide unlimited unique counter (HO)
)
Package hobsub Info: Skipping package `hobsub' (already loaded).
Package: letltxmacro 2016/05/16 v1.5 Let assignment for LaTeX macros (HO)
Package: hopatch 2016/05/16 v1.3 Wrapper for package hooks (HO)
Package: xcolor-patch 2016/05/16 xcolor patch
Package: atveryend 2016/05/16 v1.9 Hooks at the very end of document (HO)
Package hobsub Info: Skipping package `atbegshi' (already loaded).
Package: refcount 2016/05/16 v3.5 Data extraction from label references (HO)
Package: hycolor 2016/05/16 v1.8 Color options for hyperref/bookmark (HO)
)
(/usr/share/texmf/tex/latex/oberdiek/auxhook.sty
Package: auxhook 2016/05/16 v1.4 Hooks for auxiliary files (HO)
)
(/usr/share/texmf/tex/latex/oberdiek/kvoptions.sty
Package: kvoptions 2016/05/16 v3.12 Key value format for package options (HO)
)
\@linkdim=\dimen164
\Hy@linkcounter=\count119
\Hy@pagecounter=\count120

(/usr/share/texmf/tex/latex/hyperref/pd1enc.def
File: pd1enc.def 2017/03/14 v6.85a Hyperref: PDFDocEncoding definition (HO)
)
\Hy@SavedSpaceFactor=\count121

(/usr/share/texmf/tex/latex/latexconfig/hyperref.cfg
File: hyperref.cfg 2002/06/06 v1.2 hyperref configuration of TeXLive
)
Package hyperref Info: Option `bookmarks' set `true' on input line 4374.
Package hyperref Info: Option `bookmarksopen' set `true' on input line 4374.
Package hyperref Info: Option `implicit' set `false' on input line 4374.
Package hyperref Info: Hyper figures OFF on input line 4498.
Package hyperref Info: Link nesting OFF on input line 4503.
Package hyperref Info: Hyper index ON on input line 4506.
Package hyperref Info: Plain pages OFF on input line 4513.
Package hyperref Info: Backreferencing OFF on input line 4518.
Package hyperref Info: Implicit mode OFF; no redefinition of LaTeX internals.
Package hyperref Info: Bookmarks ON on input line 4751.
\c@Hy@tempcnt=\count122

(/usr/share/texmf/tex/latex/url/url.sty
\Urlmuskip=\muskip10
Package: url 2013/09/16  ver 3.4  Verb mode for urls, etc.
)
LaTeX Info: Redefining \url on input line 5104.
\XeTeXLinkMargin=\dimen165
\Fld@menulength=\count123
\Field@Width=\dimen166
\Fld@charsize=\dimen167
Package hyperref Info: Hyper figures OFF on input line 6358.
Package hyperref Info: Link nesting OFF on input line 6363.
Package hyperref Info: Hyper index ON on input line 6366.
Package hyperref Info: backreferencing OFF on input line 6373.
Package hyperref Info: Link coloring OFF on input line 6378.
Package hyperref Info: Link coloring with OCG OFF on input line 6383.
Package hyperref Info: PDF/A mode OFF on input line 6388.
LaTeX Info: Redefining \ref on input line 6428.
LaTeX Info: Redefining \pageref on input line 6432.
\Hy@abspage=\count124


Package hyperref Message: Stopped early.

)

Package hyperref Message: Driver (autodetected): hpdftex.

(/usr/share/texmf/tex/latex/hyperref/hpdftex.def
File: hpdftex.def 2017/03/14 v6.85a Hyperref driver for pdfTeX
\Fld@listcount=\count125
\c@bookmark@seq@number=\count126

(/usr/share/texmf/tex/latex/oberdiek/rerunfilecheck.sty
Package: rerunfilecheck 2016/05/16 v1.8 Rerun checks for auxiliary files (HO)
Package uniquecounter Info: New unique counter `rerunfilecheck' on input line 2
82.
))
(/usr/share/texmf/tex/latex/beamer/beamerbaserequires.sty
(/usr/share/texmf/tex/latex/beamer/beamerbasecompatibility.sty)
(/usr/share/texmf/tex/latex/beamer/beamerbasefont.sty
(/usr/share/texmf/tex/latex/amsfonts/amssymb.sty
Package: amssymb 2013/01/14 v3.01 AMS font symbols

(/usr/share/texmf/tex/latex/amsfonts/amsfonts.sty
Package: amsfonts 2013/01/14 v3.01 Basic AMSFonts support
\@emptytoks=\toks26
\symAMSa=\mathgroup4
\symAMSb=\mathgroup5
LaTeX Font Info:    Overwriting math alphabet `\mathfrak' in version `bold'
(Font)                  U/euf/m/n --> U/euf/b/n on input line 106.
)))
(/usr/share/texmf/tex/latex/beamer/beamerbasetranslator.sty
(/usr/share/texmf/tex/latex/beamer/translator/translator.sty
Package: translator 2010/06/12 ver 1.10

(/usr/share/texmf/tex/latex/beamer/translator/translator-language-mappings.tex)
)) (/usr/share/texmf/tex/latex/beamer/beamerbasemisc.sty)
(/usr/share/texmf/tex/latex/beamer/beamerbasetwoscreens.sty)
(/usr/share/texmf/tex/latex/beamer/beamerbaseoverlay.sty
\beamer@argscount=\count127
\beamer@lastskipcover=\skip44
\beamer@trivlistdepth=\count128
)
(/usr/share/texmf/tex/latex/beamer/beamerbasetitle.sty)
(/usr/share/texmf/tex/latex/beamer/beamerbasesection.sty
\c@lecture=\count129
\c@part=\count130
\c@section=\count131
\c@subsection=\count132
\c@subsubsection=\count133
)
(/usr/share/texmf/tex/latex/beamer/beamerbaseframe.sty
\beamer@framebox=\box40
\beamer@frametitlebox=\box41
\beamer@zoombox=\box42
\beamer@zoomcount=\count134
\beamer@zoomframecount=\count135
\beamer@frametextheight=\dimen168
\c@subsectionslide=\count136
\beamer@frametopskip=\skip45
\beamer@framebottomskip=\skip46
\beamer@frametopskipautobreak=\skip47
\beamer@framebottomskipautobreak=\skip48
\beamer@envbody=\toks27
\framewidth=\dimen169
\c@framenumber=\count137
)
(/usr/share/texmf/tex/latex/beamer/beamerbaseverbatim.sty
\beamer@verbatimfileout=\write4
)
(/usr/share/texmf/tex/latex/beamer/beamerbaseframesize.sty
\beamer@splitbox=\box43
\beamer@autobreakcount=\count138
\beamer@autobreaklastheight=\dimen170
\beamer@frametitletoks=\toks28
\beamer@framesubtitletoks=\toks29
)
(/usr/share/texmf/tex/latex/beamer/beamerbaseframecomponents.sty
\beamer@footins=\box44
)
(/usr/share/texmf/tex/latex/beamer/beamerbasecolor.sty)
(/usr/share/texmf/tex/latex/beamer/beamerbasenotes.sty
\beamer@frameboxcopy=\box45
)
(/usr/share/texmf/tex/latex/beamer/beamerbasetoc.sty)
(/usr/share/texmf/tex/latex/beamer/beamerbasetemplates.sty
\beamer@sbttoks=\toks30

(/usr/share/texmf/tex/latex/beamer/beamerbaseauxtemplates.sty
(/usr/share/texmf/tex/latex/beamer/beamerbaseboxes.sty
\bmb@box=\box46
\bmb@colorbox=\box47
\bmb@boxshadow=\box48
\bmb@boxshadowball=\box49
\bmb@boxshadowballlarge=\box50
\bmb@temp=\dimen171
\bmb@dima=\dimen172
\bmb@dimb=\dimen173
\bmb@prevheight=\dimen174
)
\beamer@blockheadheight=\dimen175
))
(/usr/share/texmf/tex/latex/beamer/beamerbaselocalstructure.sty
(/usr/share/texmf/tex/latex/tools/enumerate.sty
Package: enumerate 2015/07/23 v3.00 enumerate extensions (DPC)
\@enLab=\toks31
)
\c@figure=\count139
\c@table=\count140
\abovecaptionskip=\skip49
\belowcaptionskip=\skip50
)
(/usr/share/texmf/tex/latex/beamer/beamerbasenavigation.sty
\beamer@section@min@dim=\dimen176
)
(/usr/share/texmf/tex/latex/beamer/beamerbasetheorems.sty
(/usr/share/texmf/tex/latex/amsmath/amsmath.sty
Package: amsmath 2016/11/05 v2.16a AMS math features
\@mathmargin=\skip51

For additional information on amsmath, use the `?' option.
(/usr/share/texmf/tex/latex/amsmath/amstext.sty
Package: amstext 2000/06/29 v2.01 AMS text

(/usr/share/texmf/tex/latex/amsmath/amsgen.sty
File: amsgen.sty 1999/11/30 v2.0 generic functions
\@emptytoks=\toks32
\ex@=\dimen177
))
(/usr/share/texmf/tex/latex/amsmath/amsbsy.sty
Package: amsbsy 1999/11/29 v1.2d Bold Symbols
\pmbraise@=\dimen178
)
(/usr/share/texmf/tex/latex/amsmath/amsopn.sty
Package: amsopn 2016/03/08 v2.02 operator names
)
\inf@bad=\count141
LaTeX Info: Redefining \frac on input line 213.
\uproot@=\count142
\leftroot@=\count143
LaTeX Info: Redefining \overline on input line 375.
\classnum@=\count144
\DOTSCASE@=\count145
LaTeX Info: Redefining \ldots on input line 472.
LaTeX Info: Redefining \dots on input line 475.
LaTeX Info: Redefining \cdots on input line 596.
\Mathstrutbox@=\box51
\strutbox@=\box52
\big@size=\dimen179
LaTeX Font Info:    Redeclaring font encoding OML on input line 712.
LaTeX Font Info:    Redeclaring font encoding OMS on input line 713.
\macc@depth=\count146
\c@MaxMatrixCols=\count147
\dotsspace@=\muskip11
\c@parentequation=\count148
\dspbrk@lvl=\count149
\tag@help=\toks33
\row@=\count150
\column@=\count151
\maxfields@=\count152
\andhelp@=\toks34
\eqnshift@=\dimen180
\alignsep@=\dimen181
\tagshift@=\dimen182
\tagwidth@=\dimen183
\totwidth@=\dimen184
\lineht@=\dimen185
\@envbody=\toks35
\multlinegap=\skip52
\multlinetaggap=\skip53
\mathdisplay@stack=\toks36
LaTeX Info: Redefining \[ on input line 2817.
LaTeX Info: Redefining \] on input line 2818.
)
(/usr/share/texmf/tex/latex/amscls/amsthm.sty
Package: amsthm 2015/03/04 v2.20.2
\thm@style=\toks37
\thm@bodyfont=\toks38
\thm@headfont=\toks39
\thm@notefont=\toks40
\thm@headpunct=\toks41
\thm@preskip=\skip54
\thm@postskip=\skip55
\thm@headsep=\skip56
\dth@everypar=\toks42
)
\c@theorem=\count153
)
(/usr/share/texmf/tex/latex/beamer/beamerbasethemes.sty))
(/usr/share/texmf/tex/latex/beamer/themes/theme/beamerthemedefault.sty
(/usr/share/texmf/tex/latex/beamer/themes/font/beamerfontthemedefault.sty)
(/usr/share/texmf/tex/latex/beamer/themes/color/beamercolorthemedefault.sty)
(/usr/share/texmf/tex/latex/beamer/themes/inner/beamerinnerthemedefault.sty
\beamer@dima=\dimen186
\beamer@dimb=\dimen187
)
(/usr/share/texmf/tex/latex/beamer/themes/outer/beamerouterthemedefault.sty)))
(/usr/share/texmf/tex/latex/beamer/themes/inner/beamerinnerthemerectangles.sty)
(/usr/share/texmf/tex/latex/beamer/themes/color/beamercolorthemedove.sty)
(./main.aux (./01-WHOAMI/01-WHOIAM.aux) (./02-CurrentResearch/0201.aux)
(./02-CurrentResearch/0202.aux) (./02-CurrentResearch/0203.aux)
(./02-CurrentResearch/0204.aux) (./03-Teaching/0301.aux)
(./04-OtherSkills/0401.aux) (./04-OtherSkills/0402.aux)
(./05-Conclusion/0501.aux))
\openout1 = `main.aux'.

LaTeX Font Info:    Checking defaults for OML/cmm/m/it on input line 30.
LaTeX Font Info:    ... okay on input line 30.
LaTeX Font Info:    Checking defaults for T1/cmr/m/n on input line 30.
LaTeX Font Info:    ... okay on input line 30.
LaTeX Font Info:    Checking defaults for OT1/cmr/m/n on input line 30.
LaTeX Font Info:    ... okay on input line 30.
LaTeX Font Info:    Checking defaults for OMS/cmsy/m/n on input line 30.
LaTeX Font Info:    ... okay on input line 30.
LaTeX Font Info:    Checking defaults for OMX/cmex/m/n on input line 30.
LaTeX Font Info:    ... okay on input line 30.
LaTeX Font Info:    Checking defaults for U/cmr/m/n on input line 30.
LaTeX Font Info:    ... okay on input line 30.
LaTeX Font Info:    Checking defaults for PD1/pdf/m/n on input line 30.
LaTeX Font Info:    ... okay on input line 30.

*geometry* driver: auto-detecting
*geometry* detected driver: pdftex
*geometry* verbose mode - [ preamble ] result:
* driver: pdftex
* paper: custom
* layout: <same size as paper>
* layoutoffset:(h,v)=(0.0pt,0.0pt)
* modes: includehead includefoot 
* h-part:(L,W,R)=(28.45274pt, 307.28987pt, 28.45274pt)
* v-part:(T,H,B)=(0.0pt, 273.14662pt, 0.0pt)
* \paperwidth=364.19536pt
* \paperheight=273.14662pt
* \textwidth=307.28987pt
* \textheight=244.6939pt
* \oddsidemargin=-43.81725pt
* \evensidemargin=-43.81725pt
* \topmargin=-72.26999pt
* \headheight=14.22636pt
* \headsep=0.0pt
* \topskip=11.0pt
* \footskip=14.22636pt
* \marginparwidth=4.0pt
* \marginparsep=10.0pt
* \columnsep=10.0pt
* \skip\footins=10.0pt plus 4.0pt minus 2.0pt
* \hoffset=0.0pt
* \voffset=0.0pt
* \mag=1000
* \@twocolumnfalse
* \@twosidefalse
* \@mparswitchfalse
* \@reversemarginfalse
* (1in=72.27pt=25.4mm, 1cm=28.453pt)

(/usr/share/texmf/tex/context/base/mkii/supp-pdf.mkii
[Loading MPS to PDF converter (version 2006.09.02).]
\scratchcounter=\count154
\scratchdimen=\dimen188
\scratchbox=\box53
\nofMPsegments=\count155
\nofMParguments=\count156
\everyMPshowfont=\toks43
\MPscratchCnt=\count157
\MPscratchDim=\dimen189
\MPnumerator=\count158
\makeMPintoPDFobject=\count159
\everyMPtoPDFconversion=\toks44
) (/usr/share/texmf/tex/latex/oberdiek/epstopdf-base.sty
Package: epstopdf-base 2016/05/15 v2.6 Base part for package epstopdf

(/usr/share/texmf/tex/latex/oberdiek/grfext.sty
Package: grfext 2016/05/16 v1.2 Manage graphics extensions (HO)
)
Package epstopdf-base Info: Redefining graphics rule for `.eps' on input line 4
38.
Package grfext Info: Graphics extension search list:
(grfext)             [.png,.pdf,.jpg,.mps,.jpeg,.jbig2,.jb2,.PNG,.PDF,.JPG,.JPE
G,.JBIG2,.JB2,.eps]
(grfext)             \AppendGraphicsExtensions on input line 456.

(/usr/share/texmf/tex/latex/latexconfig/epstopdf-sys.cfg
File: epstopdf-sys.cfg 2010/07/13 v1.3 Configuration of (r)epstopdf for TeX Liv
e
))
ABD: EveryShipout initializing macros
\AtBeginShipoutBox=\box54
Package hyperref Info: Link coloring OFF on input line 30.

(/usr/share/texmf/tex/latex/hyperref/nameref.sty
Package: nameref 2016/05/21 v2.44 Cross-referencing by name of section

(/usr/share/texmf/tex/generic/oberdiek/gettitlestring.sty
Package: gettitlestring 2016/05/16 v1.5 Cleanup title references (HO)
)
\c@section@level=\count160
)
LaTeX Info: Redefining \ref on input line 30.
LaTeX Info: Redefining \pageref on input line 30.
LaTeX Info: Redefining \nameref on input line 30.
 (./main.out)
(./main.out)
\@outlinefile=\write5
\openout5 = `main.out'.

LaTeX Font Info:    Overwriting symbol font `operators' in version `normal'
(Font)                  OT1/cmr/m/n --> OT1/cmss/m/n on input line 30.
LaTeX Font Info:    Overwriting symbol font `operators' in version `bold'
(Font)                  OT1/cmr/bx/n --> OT1/cmss/bx/n on input line 30.
\symnumbers=\mathgroup6
\sympureletters=\mathgroup7
LaTeX Font Info:    Overwriting math alphabet `\mathrm' in version `normal'
(Font)                  OT1/cmss/m/n --> OT1/cmr/m/n on input line 30.
LaTeX Font Info:    Redeclaring math alphabet \mathbf on input line 30.
LaTeX Font Info:    Overwriting math alphabet `\mathbf' in version `normal'
(Font)                  OT1/cmr/bx/n --> OT1/cmss/bx/n on input line 30.
LaTeX Font Info:    Overwriting math alphabet `\mathbf' in version `bold'
(Font)                  OT1/cmr/bx/n --> OT1/cmss/bx/n on input line 30.
LaTeX Font Info:    Redeclaring math alphabet \mathsf on input line 30.
LaTeX Font Info:    Overwriting math alphabet `\mathsf' in version `normal'
(Font)                  OT1/cmss/m/n --> OT1/cmss/m/n on input line 30.
LaTeX Font Info:    Overwriting math alphabet `\mathsf' in version `bold'
(Font)                  OT1/cmss/bx/n --> OT1/cmss/m/n on input line 30.
LaTeX Font Info:    Redeclaring math alphabet \mathit on input line 30.
LaTeX Font Info:    Overwriting math alphabet `\mathit' in version `normal'
(Font)                  OT1/cmr/m/it --> OT1/cmss/m/it on input line 30.
LaTeX Font Info:    Overwriting math alphabet `\mathit' in version `bold'
(Font)                  OT1/cmr/bx/it --> OT1/cmss/m/it on input line 30.
LaTeX Font Info:    Redeclaring math alphabet \mathtt on input line 30.
LaTeX Font Info:    Overwriting math alphabet `\mathtt' in version `normal'
(Font)                  OT1/cmtt/m/n --> OT1/cmtt/m/n on input line 30.
LaTeX Font Info:    Overwriting math alphabet `\mathtt' in version `bold'
(Font)                  OT1/cmtt/m/n --> OT1/cmtt/m/n on input line 30.
LaTeX Font Info:    Overwriting symbol font `numbers' in version `bold'
(Font)                  OT1/cmss/m/n --> OT1/cmss/bx/n on input line 30.
LaTeX Font Info:    Overwriting symbol font `pureletters' in version `bold'
(Font)                  OT1/cmss/m/it --> OT1/cmss/bx/it on input line 30.
LaTeX Font Info:    Overwriting math alphabet `\mathrm' in version `bold'
(Font)                  OT1/cmss/bx/n --> OT1/cmr/bx/n on input line 30.
LaTeX Font Info:    Overwriting math alphabet `\mathbf' in version `bold'
(Font)                  OT1/cmss/bx/n --> OT1/cmss/bx/n on input line 30.
LaTeX Font Info:    Overwriting math alphabet `\mathsf' in version `bold'
(Font)                  OT1/cmss/m/n --> OT1/cmss/bx/n on input line 30.
LaTeX Font Info:    Overwriting math alphabet `\mathit' in version `bold'
(Font)                  OT1/cmss/m/it --> OT1/cmss/bx/it on input line 30.
LaTeX Font Info:    Overwriting math alphabet `\mathtt' in version `bold'
(Font)                  OT1/cmtt/m/n --> OT1/cmtt/bx/n on input line 30.

(/usr/share/texmf/tex/latex/beamer/translator/dicts/translator-basic-dictionary
/translator-basic-dictionary-English.dict
Dictionary: translator-basic-dictionary, Language: English 
)
(/usr/share/texmf/tex/latex/beamer/translator/dicts/translator-bibliography-dic
tionary/translator-bibliography-dictionary-English.dict
Dictionary: translator-bibliography-dictionary, Language: English 
)
(/usr/share/texmf/tex/latex/beamer/translator/dicts/translator-environment-dict
ionary/translator-environment-dictionary-English.dict
Dictionary: translator-environment-dictionary, Language: English 
)
(/usr/share/texmf/tex/latex/beamer/translator/dicts/translator-months-dictionar
y/translator-months-dictionary-English.dict
Dictionary: translator-months-dictionary, Language: English 
)
(/usr/share/texmf/tex/latex/beamer/translator/dicts/translator-numbers-dictiona
ry/translator-numbers-dictionary-English.dict
Dictionary: translator-numbers-dictionary, Language: English 
)
(/usr/share/texmf/tex/latex/beamer/translator/dicts/translator-theorem-dictiona
ry/translator-theorem-dictionary-English.dict
Dictionary: translator-theorem-dictionary, Language: English 
)
LaTeX Info: Redefining \includegraphics on input line 30.
 (./main.nav)

LaTeX Font Warning: Font shape `OT1/cmss/m/n' in size <4> not available
(Font)              size <5> substituted on input line 38.

[1

{/var/lib/texmf/fonts/map/pdftex/updmap/pdftex.map}] [2

]
\openout2 = `01-WHOAMI/01-WHOIAM.aux'.


(./01-WHOAMI/01-WHOIAM.tex
<presentation/IMG_20180922_120515771.jpg, id=106, 1445.4pt x 2569.6pt>
File: presentation/IMG_20180922_120515771.jpg Graphic file (type jpg)

<use presentation/IMG_20180922_120515771.jpg>
Package pdftex.def Info: presentation/IMG_20180922_120515771.jpg used on input 
line 23.
(pdftex.def)             Requested size: 101.40724pt x 180.24326pt.

Overfull \hbox (9.21935pt too wide) in paragraph at lines 23--23
[][]  
 []

LaTeX Font Info:    Try loading font information for U+msa on input line 23.
(/usr/share/texmf/tex/latex/amsfonts/umsa.fd
File: umsa.fd 2013/01/14 v3.01 AMS symbols A
)
LaTeX Font Info:    Try loading font information for U+msb on input line 23.

(/usr/share/texmf/tex/latex/amsfonts/umsb.fd
File: umsb.fd 2013/01/14 v3.01 AMS symbols B
)
<./presentation/ISOLOGO-CNEA-HORIZONTAL.png, id=107, 411.939pt x 172.2435pt>
File: ./presentation/ISOLOGO-CNEA-HORIZONTAL.png Graphic file (type png)

<use ./presentation/ISOLOGO-CNEA-HORIZONTAL.png>
Package pdftex.def Info: ./presentation/ISOLOGO-CNEA-HORIZONTAL.png used on inp
ut line 23.
(pdftex.def)             Requested size: 68.04242pt x 28.45274pt.

<./presentation/logo-isabt25.png, id=109, 297.11pt x 90.3375pt>
File: ./presentation/logo-isabt25.png Graphic file (type png)

<use ./presentation/logo-isabt25.png>
Package pdftex.def Info: ./presentation/logo-isabt25.png used on input line 23.

(pdftex.def)             Requested size: 93.57654pt x 28.45274pt.
 [3


 <./presentation/IMG_20180922_120515771.jpg> <./presentation/ISOLOGO-CNEA-HORIZ
ONTAL.png> <./presentation/logo-isabt25.png>]) [4


]
\openout2 = `./02-CurrentResearch/0201.aux'.

 (./02-CurrentResearch/0201.tex [5


])
\openout2 = `./02-CurrentResearch/0202.aux'.

 (./02-CurrentResearch/0202.tex

Package hyperref Warning: Token not allowed in a PDF string (PDFDocEncoding):
(hyperref)                removing `math shift' on input line 1.


Package hyperref Warning: Token not allowed in a PDF string (PDFDocEncoding):
(hyperref)                removing `math shift' on input line 1.


</home/mariano/CuadernoTrabajo/CV/SLI/02-CurrentResearch/coverage.png, id=190, 
275.52937pt x 154.32657pt>
File: /home/mariano/CuadernoTrabajo/CV/SLI/02-CurrentResearch/coverage.png Grap
hic file (type png)

<use /home/mariano/CuadernoTrabajo/CV/SLI/02-CurrentResearch/coverage.png>
Package pdftex.def Info: /home/mariano/CuadernoTrabajo/CV/SLI/02-CurrentResearc
h/coverage.png used on input line 40.
(pdftex.def)             Requested size: 92.1879pt x 51.63435pt.

</home/mariano/CuadernoTrabajo/CV/SLI/02-CurrentResearch/SurfaceEnergies.png, i
d=191, 483.30562pt x 232.61906pt>
File: /home/mariano/CuadernoTrabajo/CV/SLI/02-CurrentResearch/SurfaceEnergies.p
ng Graphic file (type png)

<use /home/mariano/CuadernoTrabajo/CV/SLI/02-CurrentResearch/SurfaceEnergies.pn
g>
Package pdftex.def Info: /home/mariano/CuadernoTrabajo/CV/SLI/02-CurrentResearc
h/SurfaceEnergies.png used on input line 40.
(pdftex.def)             Requested size: 215.10196pt x 103.53111pt.

Overfull \vbox (10.69666pt too high) detected at line 40
 []

[6



 </home/mariano/CuadernoTrabajo/CV/SLI/02-CurrentResearch/coverage.png (PNG cop
y)> </home/mariano/CuadernoTrabajo/CV/SLI/02-CurrentResearch/SurfaceEnergies.pn
g (PNG copy)>]
</home/mariano/CuadernoTrabajo/CV/SLI/02-CurrentResearch/Alloys-AIMD.png, id=21
8, 444.15938pt x 124.96687pt>
File: /home/mariano/CuadernoTrabajo/CV/SLI/02-CurrentResearch/Alloys-AIMD.png G
raphic file (type png)

<use /home/mariano/CuadernoTrabajo/CV/SLI/02-CurrentResearch/Alloys-AIMD.png>
Package pdftex.def Info: /home/mariano/CuadernoTrabajo/CV/SLI/02-CurrentResearc
h/Alloys-AIMD.png used on input line 40.
(pdftex.def)             Requested size: 184.3758pt x 51.87363pt.

<./02-CurrentResearch/HydrogenMeanFreePaths.png, id=219, 426.51147pt x 251.1678
6pt>
File: ./02-CurrentResearch/HydrogenMeanFreePaths.png Graphic file (type png)
 <use ./02-CurrentResearch/HydrogenMeanFreePaths.png>
Package pdftex.def Info: ./02-CurrentResearch/HydrogenMeanFreePaths.png used on
 input line 40.
(pdftex.def)             Requested size: 122.91406pt x 72.38074pt.
 [7

 </home/mariano/CuadernoTrabajo/CV/SLI/02-CurrentResearch/Alloys-AIMD.png (PNG 
copy)> <./02-CurrentResearch/HydrogenMeanFreePaths.png>])
\openout2 = `./02-CurrentResearch/0203.aux'.

 (./02-CurrentResearch/0203.tex
</home/mariano/CuadernoTrabajo/CV/SLI/02-CurrentResearch/Adhesion_Scheme.png, i
d=245, 641.66283pt x 142.17049pt>
File: /home/mariano/CuadernoTrabajo/CV/SLI/02-CurrentResearch/Adhesion_Scheme.p
ng Graphic file (type png)

<use /home/mariano/CuadernoTrabajo/CV/SLI/02-CurrentResearch/Adhesion_Scheme.pn
g>
Package pdftex.def Info: /home/mariano/CuadernoTrabajo/CV/SLI/02-CurrentResearc
h/Adhesion_Scheme.png used on input line 63.
(pdftex.def)             Requested size: 307.28987pt x 68.08485pt.

</home/mariano/CuadernoTrabajo/CV/SLI/02-CurrentResearch/T1.png, id=246, 201.40
82pt x 142.17049pt>
File: /home/mariano/CuadernoTrabajo/CV/SLI/02-CurrentResearch/T1.png Graphic fi
le (type png)

<use /home/mariano/CuadernoTrabajo/CV/SLI/02-CurrentResearch/T1.png>
Package pdftex.def Info: /home/mariano/CuadernoTrabajo/CV/SLI/02-CurrentResearc
h/T1.png used on input line 63.
(pdftex.def)             Requested size: 120.92882pt x 85.35826pt.

</home/mariano/CuadernoTrabajo/CV/SLI/02-CurrentResearch/T2.png, id=247, 179.60
872pt x 142.17049pt>
File: /home/mariano/CuadernoTrabajo/CV/SLI/02-CurrentResearch/T2.png Graphic fi
le (type png)

<use /home/mariano/CuadernoTrabajo/CV/SLI/02-CurrentResearch/T2.png>
Package pdftex.def Info: /home/mariano/CuadernoTrabajo/CV/SLI/02-CurrentResearc
h/T2.png used on input line 63.
(pdftex.def)             Requested size: 107.84004pt x 85.35826pt.
 [8



 </home/mariano/CuadernoTrabajo/CV/SLI/02-CurrentResearch/Adhesion_Scheme.png>]
File: /home/mariano/CuadernoTrabajo/CV/SLI/02-CurrentResearch/Adhesion_Scheme.p
ng Graphic file (type png)

<use /home/mariano/CuadernoTrabajo/CV/SLI/02-CurrentResearch/Adhesion_Scheme.pn
g>
Package pdftex.def Info: /home/mariano/CuadernoTrabajo/CV/SLI/02-CurrentResearc
h/Adhesion_Scheme.png used on input line 63.
(pdftex.def)             Requested size: 307.28987pt x 68.08485pt.
File: /home/mariano/CuadernoTrabajo/CV/SLI/02-CurrentResearch/T1.png Graphic fi
le (type png)
 <use /home/mariano/CuadernoTrabajo/CV/SLI/02-CurrentResearch/T1.png>
Package pdftex.def Info: /home/mariano/CuadernoTrabajo/CV/SLI/02-CurrentResearc
h/T1.png used on input line 63.
(pdftex.def)             Requested size: 120.92882pt x 85.35826pt.
File: /home/mariano/CuadernoTrabajo/CV/SLI/02-CurrentResearch/T2.png Graphic fi
le (type png)

<use /home/mariano/CuadernoTrabajo/CV/SLI/02-CurrentResearch/T2.png>
Package pdftex.def Info: /home/mariano/CuadernoTrabajo/CV/SLI/02-CurrentResearc
h/T2.png used on input line 63.
(pdftex.def)             Requested size: 107.84004pt x 85.35826pt.
 [9

 </home/mariano/CuadernoTrabajo/CV/SLI/02-CurrentResearch/T1.png> </home/marian
o/CuadernoTrabajo/CV/SLI/02-CurrentResearch/T2.png>])
\openout2 = `./02-CurrentResearch/0204.aux'.

 (./02-CurrentResearch/0204.tex
</home/mariano/CuadernoTrabajo/CV/SLI/02-CurrentResearch/PointDefectThermodynam
ics.png, id=305, 478.87761pt x 142.17049pt>
File: /home/mariano/CuadernoTrabajo/CV/SLI/02-CurrentResearch/PointDefectThermo
dynamics.png Graphic file (type png)

<use /home/mariano/CuadernoTrabajo/CV/SLI/02-CurrentResearch/PointDefectThermod
ynamics.png>
Package pdftex.def Info: /home/mariano/CuadernoTrabajo/CV/SLI/02-CurrentResearc
h/PointDefectThermodynamics.png used on input line 18.
(pdftex.def)             Requested size: 307.28987pt x 91.22742pt.
 [10



 </home/mariano/CuadernoTrabajo/CV/SLI/02-CurrentResearch/PointDefectThermodyna
mics.png>]) [11


]
\openout2 = `./03-Teaching/0301.aux'.

 (./03-Teaching/0301.tex
</home/mariano/CuadernoTrabajo/CV/SLI/03-Teaching/01.png, id=357, 183.39993pt x
 142.17049pt>
File: /home/mariano/CuadernoTrabajo/CV/SLI/03-Teaching/01.png Graphic file (typ
e png)
 <use /home/mariano/CuadernoTrabajo/CV/SLI/03-Teaching/01.png>
Package pdftex.def Info: /home/mariano/CuadernoTrabajo/CV/SLI/03-Teaching/01.pn
g used on input line 25.
(pdftex.def)             Requested size: 153.6519pt x 134.5861pt.

</home/mariano/CuadernoTrabajo/CV/SLI/03-Teaching/3.png, id=358, 246.1919pt x 1
42.17049pt>
File: /home/mariano/CuadernoTrabajo/CV/SLI/03-Teaching/3.png Graphic file (type
 png)
 <use /home/mariano/CuadernoTrabajo/CV/SLI/03-Teaching/3.png>
Package pdftex.def Info: /home/mariano/CuadernoTrabajo/CV/SLI/03-Teaching/3.png
 used on input line 25.
(pdftex.def)             Requested size: 139.82744pt x 80.7448pt.

</home/mariano/CuadernoTrabajo/CV/SLI/03-Teaching/02.png, id=359, 191.45627pt x
 142.17049pt>
File: /home/mariano/CuadernoTrabajo/CV/SLI/03-Teaching/02.png Graphic file (typ
e png)
 <use /home/mariano/CuadernoTrabajo/CV/SLI/03-Teaching/02.png>
Package pdftex.def Info: /home/mariano/CuadernoTrabajo/CV/SLI/03-Teaching/02.pn
g used on input line 25.
(pdftex.def)             Requested size: 153.64432pt x 134.5861pt.

Overfull \vbox (2.1937pt too high) detected at line 25
 []

[12


 </home/mariano/CuadernoTrabajo/CV/SLI/03-Teaching/01.png> </home/mariano/Cuade
rnoTrabajo/CV/SLI/03-Teaching/3.png> </home/mariano/CuadernoTrabajo/CV/SLI/03-T
eaching/02.png>]) [13


]
\openout2 = `./04-OtherSkills/0401.aux'.

 (./04-OtherSkills/0401.tex
</home/mariano/CuadernoTrabajo/CV/SLI/04-OtherSkills/Workflow.png, id=414, 284.
03056pt x 154.63887pt>
File: /home/mariano/CuadernoTrabajo/CV/SLI/04-OtherSkills/Workflow.png Graphic 
file (type png)

<use /home/mariano/CuadernoTrabajo/CV/SLI/04-OtherSkills/Workflow.png>
Package pdftex.def Info: /home/mariano/CuadernoTrabajo/CV/SLI/04-OtherSkills/Wo
rkflow.png used on input line 33.
(pdftex.def)             Requested size: 184.3758pt x 100.38664pt.
 [14


 </home/mariano/CuadernoTrabajo/CV/SLI/04-OtherSkills/Workflow.png>])
\openout2 = `./04-OtherSkills/0402.aux'.


(./04-OtherSkills/0402.tex
</home/mariano/CuadernoTrabajo/CV/SLI/04-OtherSkills/20150406_143836.jpg, id=44
0, 293.59688pt x 361.35pt>
File: /home/mariano/CuadernoTrabajo/CV/SLI/04-OtherSkills/20150406_143836.jpg G
raphic file (type jpg)

<use /home/mariano/CuadernoTrabajo/CV/SLI/04-OtherSkills/20150406_143836.jpg>
Package pdftex.def Info: /home/mariano/CuadernoTrabajo/CV/SLI/04-OtherSkills/20
150406_143836.jpg used on input line 18.
(pdftex.def)             Requested size: 92.1879pt x 113.46194pt.

[15



 </home/mariano/CuadernoTrabajo/CV/SLI/04-OtherSkills/20150406_143836.jpg>]) [1
6


]
\openout2 = `./05-Conclusion/0501.aux'.

 (./05-Conclusion/0501.tex
Overfull \hbox (17.07181pt too wide) in paragraph at lines 13--13
 [][][][][][]  
 []


</home/mariano/CuadernoTrabajo/CV/SLI/05-Conclusion/kitty.png, id=492, 426.5114
7pt x 225.34023pt>
File: /home/mariano/CuadernoTrabajo/CV/SLI/05-Conclusion/kitty.png Graphic file
 (type png)

<use /home/mariano/CuadernoTrabajo/CV/SLI/05-Conclusion/kitty.png>
Package pdftex.def Info: /home/mariano/CuadernoTrabajo/CV/SLI/05-Conclusion/kit
ty.png used on input line 13.
(pdftex.def)             Requested size: 364.20251pt x 273.17825pt.
 [17


 </home/mariano/CuadernoTrabajo/CV/SLI/05-Conclusion/kitty.png>]
Overfull \hbox (0.30899pt too wide) in paragraph at lines 22--22
 [] 
 []


Overfull \vbox (3.32132pt too high) detected at line 22
 []

[18

])
\tf@nav=\write6
\openout6 = `main.nav'.

\tf@toc=\write7
\openout7 = `main.toc'.

\tf@snm=\write8
\openout8 = `main.snm'.

Package atveryend Info: Empty hook `BeforeClearDocument' on input line 64.
Package atveryend Info: Empty hook `AfterLastShipout' on input line 64.
 (./main.aux (./01-WHOAMI/01-WHOIAM.aux) (./02-CurrentResearch/0201.aux)
(./02-CurrentResearch/0202.aux) (./02-CurrentResearch/0203.aux)
(./02-CurrentResearch/0204.aux) (./03-Teaching/0301.aux)
(./04-OtherSkills/0401.aux) (./04-OtherSkills/0402.aux)
(./05-Conclusion/0501.aux))
Package atveryend Info: Executing hook `AtVeryEndDocument' on input line 64.
Package atveryend Info: Executing hook `AtEndAfterFileList' on input line 64.
Package rerunfilecheck Info: File `main.out' has not changed.
(rerunfilecheck)             Checksum: 3402B3616D4B511D1E16A4775E73C580;547.


LaTeX Font Warning: Size substitutions with differences
(Font)              up to 1.0pt have occurred.

 ) 
Here is how much of TeX's memory you used:
 17121 strings out of 494035
 324185 string characters out of 6158521
 396850 words of memory out of 5000000
 19987 multiletter control sequences out of 15000+600000
 16007 words of font info for 60 fonts, out of 8000000 for 9000
 475 hyphenation exceptions out of 8191
 48i,16n,51p,790b,786s stack positions out of 5000i,500n,10000p,200000b,80000s
</usr/share/texmf/fonts/type1/public/amsfonts/cm/cmex10.pfb></usr/share/texmf
/fonts/type1/public/amsfonts/cm/cmmi10.pfb></usr/share/texmf/fonts/type1/public
/amsfonts/cm/cmmi8.pfb></usr/share/texmf/fonts/type1/public/amsfonts/cm/cmss10.
pfb></usr/share/texmf/fonts/type1/public/amsfonts/cm/cmss12.pfb></usr/share/tex
mf/fonts/type1/public/amsfonts/cm/cmss17.pfb></usr/share/texmf/fonts/type1/publ
ic/amsfonts/cm/cmss8.pfb></usr/share/texmf/fonts/type1/public/amsfonts/cm/cmssi
10.pfb></usr/share/texmf/fonts/type1/public/amsfonts/cm/cmssi8.pfb></usr/share/
texmf/fonts/type1/public/amsfonts/cm/cmsy10.pfb></usr/share/texmf/fonts/type1/p
ublic/amsfonts/cm/cmtt10.pfb>
Output written on main.pdf (18 pages, 5332035 bytes).
PDF statistics:
 592 PDF objects out of 1000 (max. 8388607)
 530 compressed objects within 6 object streams
 46 named destinations out of 1000 (max. 500000)
 200 words of extra memory for PDF output out of 10000 (max. 10000000)

