\BOOKMARK [1][-]{section.1}{Current Positions}{}% 1
\BOOKMARK [2][-]{subsection.1.1}{ Researcher}{section.1}% 2
\BOOKMARK [2][-]{subsection.1.2}{Teaching assistant}{section.1}% 3
\BOOKMARK [1][-]{section.2}{Main Publications}{}% 4
\BOOKMARK [2][-]{subsection.2.1}{\215Shear Behavior of Fe/Fe3O4 interfaces\216. }{section.2}% 5
\BOOKMARK [2][-]{subsection.2.2}{\215Properties of hexagonal Zr and tetragonal ZrO2 low index surfaces from DFT calculations\216. }{section.2}% 6
\BOOKMARK [2][-]{subsection.2.3}{\215A DFT study of atomic structure and adhesion at the Fe\(BCC\)/Fe3 O4 interfaces\216. }{section.2}% 7
\BOOKMARK [2][-]{subsection.2.4}{\215Charge difference calculation in Fe/Fe3O4 interfaces from DFT results\216. }{section.2}% 8
\BOOKMARK [2][-]{subsection.2.5}{\215Ab-initio studies on carburization of Fe3 Al based alloys\216. }{section.2}% 9
\BOOKMARK [1][-]{section.3}{Last Congress Participations}{}% 10
\BOOKMARK [2][-]{subsection.3.1}{ 5th Nuclear Materials Conference, Elsevier \205 IAEA, 14-18 October 2018}{section.3}% 11
\BOOKMARK [2][-]{subsection.3.2}{16\272 SAM-CONAMET, November 2016}{section.3}% 12
\BOOKMARK [1][-]{section.4}{Ongoing projects}{}% 13
\BOOKMARK [2][-]{subsection.4.1}{ In the search for a new alloy for fuel elements of the CAREM-25 Power Plant}{section.4}% 14
\BOOKMARK [2][-]{subsection.4.2}{In the search for anewalloy for fuelel ements of the CAREM-25 Power Plant, }{section.4}% 15
\BOOKMARK [1][-]{section.5}{Education}{}% 16
\BOOKMARK [2][-]{subsection.5.1}{Doctor in Materials Science and Technology \(PhD\), September 2017.}{section.5}% 17
\BOOKMARK [3][-]{subsubsection.5.1.1}{Advisor:}{subsection.5.1}% 18
\BOOKMARK [3][-]{subsubsection.5.1.2}{PhD Thesis title:}{subsection.5.1}% 19
\BOOKMARK [3][-]{subsubsection.5.1.3}{Abstract:}{subsection.5.1}% 20
\BOOKMARK [2][-]{subsection.5.2}{Materlials Engineer, August 2010.}{section.5}% 21
\BOOKMARK [3][-]{subsubsection.5.2.1}{Title of the Engineering dissertation:}{subsection.5.2}% 22
\BOOKMARK [3][-]{subsubsection.5.2.2}{Advisors:}{subsection.5.2}% 23
\BOOKMARK [3][-]{subsubsection.5.2.3}{Abstract:}{subsection.5.2}% 24
