\BOOKMARK [1][-]{section.1}{Profesional Experience}{}% 1
\BOOKMARK [2][-]{subsection.1.1}{September 2020 - Current: Postdoctoral Resercher}{section.1}% 2
\BOOKMARK [2][-]{subsection.1.2}{February 2017 - Current: Researcher}{section.1}% 3
\BOOKMARK [2][-]{subsection.1.3}{August 2010 \205 Current: Teaching assistant}{section.1}% 4
\BOOKMARK [2][-]{subsection.1.4}{August 2010 \205 January 2017. Full Time Scolarship}{section.1}% 5
\BOOKMARK [2][-]{subsection.1.5}{August 2006- August 2010. Full Time Scolarship }{section.1}% 6
\BOOKMARK [2][-]{subsection.1.6}{January 2010 \205 July 2010. Intern }{section.1}% 7
\BOOKMARK [2][-]{subsection.1.7}{February 2008. Internship }{section.1}% 8
\BOOKMARK [2][-]{subsection.1.8}{February 2007. Internship}{section.1}% 9
\BOOKMARK [1][-]{section.2}{Publications}{}% 10
\BOOKMARK [2][-]{subsection.2.1}{\215Shear Behavior of Fe/Fe3O4 interfaces\216. }{section.2}% 11
\BOOKMARK [2][-]{subsection.2.2}{\215Properties of hexagonal Zr and tetragonal ZrO2 low index surfaces from DFT calculations\216. }{section.2}% 12
\BOOKMARK [2][-]{subsection.2.3}{\215Concentration of constitutional and thermal defects in UAl4 \216 Journal of Nuclear Materials 478 \(2016\) 74-82. }{section.2}% 13
\BOOKMARK [2][-]{subsection.2.4}{\215A DFT study of atomic structure and adhesion at the Fe\(BCC\)/Fe3 O4 interfaces\216. }{section.2}% 14
\BOOKMARK [2][-]{subsection.2.5}{\215Charge difference calculation in Fe/Fe3O4 interfaces from DFT results\216. }{section.2}% 15
\BOOKMARK [2][-]{subsection.2.6}{\215Adhesion Energy of the Fe\(BCC\)/Magnetite Interface within the DFT approach\216. }{section.2}% 16
\BOOKMARK [2][-]{subsection.2.7}{\215Ab-initio studies on carburization of Fe3 Al based alloys\216. }{section.2}% 17
\BOOKMARK [2][-]{subsection.2.8}{\215First principles study of U-Al system ground state\216. }{section.2}% 18
\BOOKMARK [2][-]{subsection.2.9}{\215Transition metals monoxides. }{section.2}% 19
\BOOKMARK [2][-]{subsection.2.10}{\215Electric and magnetic properties of PMMA/manganite composites\216. }{section.2}% 20
\BOOKMARK [1][-]{section.3}{Participation in Congress}{}% 21
\BOOKMARK [2][-]{subsection.3.1}{ 2020 Express Conference on the Physics of Materials and its application in Energy and Environment, 17-19 August 2020 }{section.3}% 22
\BOOKMARK [2][-]{subsection.3.2}{ 5th Nuclear Materials Conference, Elsevier \205 IAEA, 14-18 October 2018}{section.3}% 23
\BOOKMARK [2][-]{subsection.3.3}{16\272 SAM-CONAMET, November 2016}{section.3}% 24
\BOOKMARK [2][-]{subsection.3.4}{14th SAM-CONAMET, October 2014,}{section.3}% 25
\BOOKMARK [2][-]{subsection.3.5}{ Workshop en Procesamiento F\355sico Qu\355mico Avanzado. 11 \205 15 March 2014, Universidad Nacional de Santander}{section.3}% 26
\BOOKMARK [2][-]{subsection.3.6}{13th SAM-CONAMET, August 2013.}{section.3}% 27
\BOOKMARK [2][-]{subsection.3.7}{XXXIX Reuni\363n Anual de la Asociaci\363n Argentina de Tecnolog\355a Nuclear, November 2012.}{section.3}% 28
\BOOKMARK [2][-]{subsection.3.8}{4\272 Meeting of young researchers in Cience And Technology, October 2012.}{section.3}% 29
\BOOKMARK [2][-]{subsection.3.9}{12th CONAMET/SAM, October 2012.}{section.3}% 30
\BOOKMARK [2][-]{subsection.3.10}{May 2012. 12th Anual Meeting of the Nuclear Fuel Division.}{section.3}% 31
\BOOKMARK [2][-]{subsection.3.11}{PASI, January 2012.}{section.3}% 32
\BOOKMARK [2][-]{subsection.3.12}{SAM / CONAMET 2011, October 2011.}{section.3}% 33
\BOOKMARK [2][-]{subsection.3.13}{At The Frontiers of Condensed Matter IV, December 2008.}{section.3}% 34
\BOOKMARK [2][-]{subsection.3.14}{RAFA, September 2008.}{section.3}% 35
\BOOKMARK [1][-]{section.4}{Participation in research projects}{}% 36
\BOOKMARK [2][-]{subsection.4.1}{ Simulaci\363n y ensayo de una aleaci\363n propuesta para reactores nucleares de alto quemado }{section.4}% 37
\BOOKMARK [2][-]{subsection.4.2}{February 2017 \205 February 2020: In the search for a new alloy for fuel elements of the CAREM-25 Power Plant}{section.4}% 38
\BOOKMARK [2][-]{subsection.4.3}{January 2017 \205 December 2019: In the search for anewalloy for fuelel ements of the CAREM-25 Power Plant, }{section.4}% 39
\BOOKMARK [2][-]{subsection.4.4}{August 2011- August 2015. Power Nuclear Reactor\220s Materials integrity. Atomistic / Continuum models applied to inter-diffusion in disperse fuels and fracture in the oxide scales in steel pipes.}{section.4}% 40
\BOOKMARK [2][-]{subsection.4.5}{January 2011 \205 December 2012. Pasivating oxide scale over iron}{section.4}% 41
\BOOKMARK [2][-]{subsection.4.6}{January 2011 \205 December 2011. Constitutional Defects and Aluminum Migration Energy in UAl4}{section.4}% 42
\BOOKMARK [2][-]{subsection.4.7}{August 2010 \205 December 2015, Prespective studies, research and development of technologies for nuclear power plants of the fourth generation}{section.4}% 43
\BOOKMARK [2][-]{subsection.4.8}{January 2010 - December 2012. Computational Methods applied to the study of physical and chemical properties of fuel elements in research reactors, and modelization of defect cluster migrations in technologiacl materials}{section.4}% 44
\BOOKMARK [1][-]{section.5}{Advisories}{}% 45
\BOOKMARK [2][-]{subsection.5.1}{Co-Adviser of intern, February 2014.}{section.5}% 46
\BOOKMARK [1][-]{section.6}{Education}{}% 47
\BOOKMARK [2][-]{subsection.6.1}{Doctor in Materials Science and Technology \(PhD\), September 2017.}{section.6}% 48
\BOOKMARK [3][-]{subsubsection.6.1.1}{Adviser:}{subsection.6.1}% 49
\BOOKMARK [3][-]{subsubsection.6.1.2}{PhD Thesis title:}{subsection.6.1}% 50
\BOOKMARK [3][-]{subsubsection.6.1.3}{Abstract:}{subsection.6.1}% 51
\BOOKMARK [2][-]{subsection.6.2}{Materlials Engineer, August 2010.}{section.6}% 52
\BOOKMARK [3][-]{subsubsection.6.2.1}{Title of the Engineering dissertation:}{subsection.6.2}% 53
\BOOKMARK [3][-]{subsubsection.6.2.2}{Advisers:}{subsection.6.2}% 54
\BOOKMARK [3][-]{subsubsection.6.2.3}{Abstract:}{subsection.6.2}% 55
\BOOKMARK [2][-]{subsection.6.3}{Languages.}{section.6}% 56
\BOOKMARK [1][-]{section.7}{Awards}{}% 57
\BOOKMARK [2][-]{subsection.7.1}{2011}{section.7}% 58
\BOOKMARK [2][-]{subsection.7.2}{2018}{section.7}% 59
